\BOOKMARK [1][-]{section.1}{Einleitung}{}% 1
\BOOKMARK [1][-]{section.2}{Grundlagen}{}% 2
\BOOKMARK [2][-]{subsection.2.1}{Nomenklatur}{section.2}% 3
\BOOKMARK [2][-]{subsection.2.2}{ROS: Robotic Operating System}{section.2}% 4
\BOOKMARK [3][-]{subsubsection.2.2.1}{Package und Nodes}{subsection.2.2}% 5
\BOOKMARK [3][-]{subsubsection.2.2.2}{Master und Parameter Server}{subsection.2.2}% 6
\BOOKMARK [3][-]{subsubsection.2.2.3}{Topics und Messages}{subsection.2.2}% 7
\BOOKMARK [3][-]{subsubsection.2.2.4}{Services}{subsection.2.2}% 8
\BOOKMARK [3][-]{subsubsection.2.2.5}{Action-Lib}{subsection.2.2}% 9
\BOOKMARK [2][-]{subsection.2.3}{Kinematik }{section.2}% 10
\BOOKMARK [3][-]{subsubsection.2.3.1}{Mechanismus}{subsection.2.3}% 11
\BOOKMARK [3][-]{subsubsection.2.3.2}{Kinematik}{subsection.2.3}% 12
\BOOKMARK [3][-]{subsubsection.2.3.3}{Forward Kinematics}{subsection.2.3}% 13
\BOOKMARK [3][-]{subsubsection.2.3.4}{Inverse Kinematik}{subsection.2.3}% 14
\BOOKMARK [2][-]{subsection.2.4}{Aufbau}{section.2}% 15
\BOOKMARK [3][-]{subsubsection.2.4.1}{Aufbau Teststand}{subsection.2.4}% 16
\BOOKMARK [3][-]{subsubsection.2.4.2}{YouBot}{subsection.2.4}% 17
\BOOKMARK [3][-]{subsubsection.2.4.3}{Sensoren}{subsection.2.4}% 18
\BOOKMARK [3][-]{subsubsection.2.4.4}{Netzwerk}{subsection.2.4}% 19
\BOOKMARK [1][-]{section.3}{Stand der Technik}{}% 20
\BOOKMARK [2][-]{subsection.3.1}{Physically Embedded Intelligent Systems - PEIS}{section.3}% 21
\BOOKMARK [2][-]{subsection.3.2}{Multirobots System - Komposition und Konfiguration}{section.3}% 22
\BOOKMARK [2][-]{subsection.3.3}{Handover - \334bergabe zwischen Roboter-Maschine und Roboter-Roboter}{section.3}% 23
\BOOKMARK [1][-]{section.4}{Zusammenfassung und Ausblick}{}% 24
\BOOKMARK [1][-]{section.5}{Danksagung}{}% 25
\BOOKMARK [1][-]{section.6}{Literaturverzeichnis}{}% 26
\BOOKMARK [1][-]{appendix.A}{Erster Anhang}{}% 27
\BOOKMARK [1][-]{appendix.B}{Noch ein Anhang}{}% 28
